<?xml version="1.0" encoding="UTF-8"?>
<testng-results skipped="0" failed="1" ignored="0" total="1" passed="0">
  <reporter-output>
    <line>
      <![CDATA[open browser]]>
    </line>
    <line>
      <![CDATA[login]]>
    </line>
    <line>
      <![CDATA[logout]]>
    </line>
    <line>
      <![CDATA[close Browser]]>
    </line>
  </reporter-output>
  <suite name="Default suite" duration-ms="19939" started-at="2022-11-16T10:46:37 IST" finished-at="2022-11-16T10:46:57 IST">
    <groups>
    </groups>
    <test name="Default test" duration-ms="19939" started-at="2022-11-16T10:46:37 IST" finished-at="2022-11-16T10:46:57 IST">
      <class name="com.projectautomate.testscript.Campaign">
        <test-method status="PASS" signature="openBrowser()[pri:0, instance:com.projectautomate.testscript.Campaign@44c8afef]" name="openBrowser" is-config="true" duration-ms="2196" started-at="2022-11-16T10:46:37 IST" finished-at="2022-11-16T10:46:40 IST">
          <reporter-output>
            <line>
              <![CDATA[open browser]]>
            </line>
          </reporter-output>
        </test-method> <!-- openBrowser -->
        <test-method status="PASS" signature="login()[pri:0, instance:com.projectautomate.testscript.Campaign@44c8afef]" name="login" is-config="true" duration-ms="670" started-at="2022-11-16T10:46:40 IST" finished-at="2022-11-16T10:46:40 IST">
          <reporter-output>
            <line>
              <![CDATA[login]]>
            </line>
          </reporter-output>
        </test-method> <!-- login -->
        <test-method status="FAIL" signature="campaign()[pri:0, instance:com.projectautomate.testscript.Campaign@44c8afef]" name="campaign" duration-ms="16617" started-at="2022-11-16T10:46:40 IST" finished-at="2022-11-16T10:46:57 IST">
          <exception class="java.lang.NullPointerException">
            <full-stacktrace>
              <![CDATA[java.lang.NullPointerException
at com.projectautomate.pom.CreateCampaign.setEnddatetbx(CreateCampaign.java:55)
at com.projectautomate.testscript.Campaign.campaign(Campaign.java:32)
at sun.reflect.NativeMethodAccessorImpl.invoke0(Native Method)
at sun.reflect.NativeMethodAccessorImpl.invoke(NativeMethodAccessorImpl.java:62)
at sun.reflect.DelegatingMethodAccessorImpl.invoke(DelegatingMethodAccessorImpl.java:43)
at java.lang.reflect.Method.invoke(Method.java:498)
at org.testng.internal.MethodInvocationHelper.invokeMethod(MethodInvocationHelper.java:133)
at org.testng.internal.TestInvoker.invokeMethod(TestInvoker.java:598)
at org.testng.internal.TestInvoker.invokeTestMethod(TestInvoker.java:173)
at org.testng.internal.MethodRunner.runInSequence(MethodRunner.java:46)
at org.testng.internal.TestInvoker$MethodInvocationAgent.invoke(TestInvoker.java:824)
at org.testng.internal.TestInvoker.invokeTestMethods(TestInvoker.java:146)
at org.testng.internal.TestMethodWorker.invokeTestMethods(TestMethodWorker.java:146)
at org.testng.internal.TestMethodWorker.run(TestMethodWorker.java:128)
at java.util.ArrayList.forEach(ArrayList.java:1257)
at org.testng.TestRunner.privateRun(TestRunner.java:794)
at org.testng.TestRunner.run(TestRunner.java:596)
at org.testng.SuiteRunner.runTest(SuiteRunner.java:377)
at org.testng.SuiteRunner.runSequentially(SuiteRunner.java:371)
at org.testng.SuiteRunner.privateRun(SuiteRunner.java:332)
at org.testng.SuiteRunner.run(SuiteRunner.java:276)
at org.testng.SuiteRunnerWorker.runSuite(SuiteRunnerWorker.java:53)
at org.testng.SuiteRunnerWorker.run(SuiteRunnerWorker.java:96)
at org.testng.TestNG.runSuitesSequentially(TestNG.java:1212)
at org.testng.TestNG.runSuitesLocally(TestNG.java:1134)
at org.testng.TestNG.runSuites(TestNG.java:1063)
at org.testng.TestNG.run(TestNG.java:1031)
at org.testng.remote.AbstractRemoteTestNG.run(AbstractRemoteTestNG.java:115)
at org.testng.remote.RemoteTestNG.initAndRun(RemoteTestNG.java:251)
at org.testng.remote.RemoteTestNG.main(RemoteTestNG.java:77)
]]>
            </full-stacktrace>
          </exception> <!-- java.lang.NullPointerException -->
          <reporter-output>
          </reporter-output>
        </test-method> <!-- campaign -->
        <test-method status="PASS" signature="Logout()[pri:0, instance:com.projectautomate.testscript.Campaign@44c8afef]" name="Logout" is-config="true" duration-ms="140" started-at="2022-11-16T10:46:57 IST" finished-at="2022-11-16T10:46:57 IST">
          <reporter-output>
            <line>
              <![CDATA[logout]]>
            </line>
          </reporter-output>
        </test-method> <!-- Logout -->
        <test-method status="PASS" signature="closeBrowser()[pri:0, instance:com.projectautomate.testscript.Campaign@44c8afef]" name="closeBrowser" is-config="true" duration-ms="66" started-at="2022-11-16T10:46:57 IST" finished-at="2022-11-16T10:46:57 IST">
          <reporter-output>
            <line>
              <![CDATA[close Browser]]>
            </line>
          </reporter-output>
        </test-method> <!-- closeBrowser -->
      </class> <!-- com.projectautomate.testscript.Campaign -->
    </test> <!-- Default test -->
  </suite> <!-- Default suite -->
</testng-results>
