<?xml version="1.0" encoding="UTF-8"?>
<testng-results skipped="0" failed="0" ignored="0" total="1" passed="1">
  <reporter-output>
    <line>
      <![CDATA[Create Customer]]>
    </line>
  </reporter-output>
  <suite name="Default suite" duration-ms="45" started-at="2022-11-27T10:18:48 IST" finished-at="2022-11-27T10:18:48 IST">
    <groups>
    </groups>
    <test name="Default test" duration-ms="45" started-at="2022-11-27T10:18:48 IST" finished-at="2022-11-27T10:18:48 IST">
      <class name="com.actitime.testScript.createCustomer">
        <test-method status="PASS" signature="createCustomer()[pri:0, instance:com.actitime.testScript.createCustomer@6acdbdf5]" name="createCustomer" duration-ms="9" started-at="2022-11-27T10:18:48 IST" finished-at="2022-11-27T10:18:48 IST">
          <reporter-output>
            <line>
              <![CDATA[Create Customer]]>
            </line>
          </reporter-output>
        </test-method> <!-- createCustomer -->
      </class> <!-- com.actitime.testScript.createCustomer -->
    </test> <!-- Default test -->
  </suite> <!-- Default suite -->
</testng-results>
